============================================================
GRAPHIFY INCREMENTAL UPDATE
============================================================

Step 1: Detecting changed files...
  Total files in corpus: 37514
  New/changed files: 37514
  Total words: 414039803

Changes detected:
  code: 32 file(s)
    - fl_debug_plan.py
    - RESET_AND_REINSTALL.ps1
    - run_graphify.py
    ... and 29 more
  document: 10 file(s)
    - CHANGELOG.md
    - privacy_audit_results.txt
    - PROJECT_REPORT.txt
    ... and 7 more
  image: 20008 file(s)
    - checkpoints\samples\p1_epoch005.png
    - checkpoints\samples\p1_epoch010.png
    - checkpoints\samples\p1_epoch015.png
    ... and 20005 more
  video: 17464 file(s)
    - data\raw\urbansound8k\audio\fold1\101415-3-0-2.wav
    - data\raw\urbansound8k\audio\fold1\101415-3-0-3.wav
    - data\raw\urbansound8k\audio\fold1\101415-3-0-8.wav
    ... and 17461 more
Traceback (most recent call last):
  File "<stdin>", line 36, in <module>
  File "C:\Python314\Lib\encodings\cp1252.py", line 19, in encode
    return codecs.charmap_encode(input,self.errors,encoding_table)[0]
           ~~~~~~~~~~~~~~~~~~~~~^^^^^^^^^^^^^^^^^^^^^^^^^^^^^^^^^^
UnicodeEncodeError: 'charmap' codec can't encode character '\u2713' in position 2: character maps to <undefined>
